<?xml version="1.0" encoding="UTF-8"?>
<!-- Generated by org.testng.reporters.JUnitXMLReporter -->
<testsuite hostname="RAJESHKIT" ignored="0" name="Default test" tests="3" failures="0" timestamp="2020-08-12T17:11:41 IST" time="22.634" errors="0">
  <testcase name="withdrawlSuccess" time="0.93" classname="com.cts.ota.login.WithdrawPage"/>
  <testcase name="insufficientFund" time="0.943" classname="com.cts.ota.login.WithdrawPage"/>
  <testcase name="withdrawLimitExceeded" time="0.951" classname="com.cts.ota.login.WithdrawPage"/>
</testsuite> <!-- Default test -->
