<?xml version="1.0" encoding="UTF-8"?>
<testng-results skipped="0" failed="0" ignored="0" total="3" passed="3">
  <reporter-output>
  </reporter-output>
  <suite name="Default suite" duration-ms="22634" started-at="2020-08-12T17:11:19 IST" finished-at="2020-08-12T17:11:41 IST">
    <groups>
    </groups>
    <test name="Default test" duration-ms="22634" started-at="2020-08-12T17:11:19 IST" finished-at="2020-08-12T17:11:41 IST">
      <class name="com.cts.ota.login.WithdrawPage">
        <test-method status="PASS" signature="launchBrowser()[pri:0, instance:com.cts.ota.login.WithdrawPage@371a67ec]" name="launchBrowser" is-config="true" duration-ms="6864" started-at="2020-08-12T17:11:19 IST" finished-at="2020-08-12T17:11:25 IST">
          <reporter-output>
          </reporter-output>
        </test-method> <!-- launchBrowser -->
        <test-method status="PASS" signature="withdrawlSuccess()[pri:1, instance:com.cts.ota.login.WithdrawPage@371a67ec]" name="withdrawlSuccess" duration-ms="930" started-at="2020-08-12T17:11:25 IST" finished-at="2020-08-12T17:11:26 IST">
          <reporter-output>
          </reporter-output>
        </test-method> <!-- withdrawlSuccess -->
        <test-method status="PASS" signature="teardown()[pri:0, instance:com.cts.ota.login.WithdrawPage@371a67ec]" name="teardown" is-config="true" duration-ms="229" started-at="2020-08-12T17:11:26 IST" finished-at="2020-08-12T17:11:27 IST">
          <reporter-output>
          </reporter-output>
        </test-method> <!-- teardown -->
        <test-method status="PASS" signature="launchBrowser()[pri:0, instance:com.cts.ota.login.WithdrawPage@371a67ec]" name="launchBrowser" is-config="true" duration-ms="5888" started-at="2020-08-12T17:11:27 IST" finished-at="2020-08-12T17:11:33 IST">
          <reporter-output>
          </reporter-output>
        </test-method> <!-- launchBrowser -->
        <test-method status="PASS" signature="insufficientFund()[pri:2, instance:com.cts.ota.login.WithdrawPage@371a67ec]" name="insufficientFund" duration-ms="943" started-at="2020-08-12T17:11:33 IST" finished-at="2020-08-12T17:11:33 IST">
          <reporter-output>
          </reporter-output>
        </test-method> <!-- insufficientFund -->
        <test-method status="PASS" signature="teardown()[pri:0, instance:com.cts.ota.login.WithdrawPage@371a67ec]" name="teardown" is-config="true" duration-ms="552" started-at="2020-08-12T17:11:33 IST" finished-at="2020-08-12T17:11:34 IST">
          <reporter-output>
          </reporter-output>
        </test-method> <!-- teardown -->
        <test-method status="PASS" signature="launchBrowser()[pri:0, instance:com.cts.ota.login.WithdrawPage@371a67ec]" name="launchBrowser" is-config="true" duration-ms="5879" started-at="2020-08-12T17:11:34 IST" finished-at="2020-08-12T17:11:40 IST">
          <reporter-output>
          </reporter-output>
        </test-method> <!-- launchBrowser -->
        <test-method status="PASS" signature="withdrawLimitExceeded()[pri:3, instance:com.cts.ota.login.WithdrawPage@371a67ec]" name="withdrawLimitExceeded" duration-ms="951" started-at="2020-08-12T17:11:40 IST" finished-at="2020-08-12T17:11:41 IST">
          <reporter-output>
          </reporter-output>
        </test-method> <!-- withdrawLimitExceeded -->
        <test-method status="PASS" signature="teardown()[pri:0, instance:com.cts.ota.login.WithdrawPage@371a67ec]" name="teardown" is-config="true" duration-ms="341" started-at="2020-08-12T17:11:41 IST" finished-at="2020-08-12T17:11:41 IST">
          <reporter-output>
          </reporter-output>
        </test-method> <!-- teardown -->
      </class> <!-- com.cts.ota.login.WithdrawPage -->
    </test> <!-- Default test -->
  </suite> <!-- Default suite -->
</testng-results>
